<?xml version="1.0" encoding="UTF-8"?>
<!-- Generated by org.testng.reporters.JUnitXMLReporter -->
<testsuite ignored="0" hostname="DESKTOP-533NIJM" failures="1" tests="1" name="Command line test" time="12.589" errors="0" timestamp="2020-06-12T12:19:35 CEST">
  <testcase classname="Test1" name="test1" time="0.361">
    <failure type="java.lang.AssertionError" message="expected [Tours de votación_] but found [Tours de votación]">
      <![CDATA[java.lang.AssertionError: expected [Tours de votación_] but found [Tours de votación]
at com.cursoselenium.library.checks.HardAssertTest.elementIsDisplayedAndTextEquals(HardAssertTest.java:54)
at com.cursoselenium.Pages.VoteToursPage.confirmIdentity(VoteToursPage.java:23)
at com.cursoselenium.Pages.VoteToursPage.<init>(VoteToursPage.java:18)
at Test1.test1(Test1.java:24)
at java.base/java.util.ArrayList.forEach(ArrayList.java:1540)
... Removed 41 stack frames]]>
    </failure>
  </testcase> <!-- test1 -->
</testsuite> <!-- Command line test -->
