-------------------------------------------------------------------------------
Test set: Test1
-------------------------------------------------------------------------------
Tests run: 1, Failures: 1, Errors: 0, Skipped: 0, Time elapsed: 36.316 sec <<< FAILURE!
test1(Test1)  Time elapsed: 20.937 sec  <<< FAILURE!
org.openqa.selenium.NoSuchElementException: 
For documentation on this error, please visit: https://www.seleniumhq.org/exceptions/no_such_element.html
Build info: version: '3.141.59', revision: 'e82be7d358', time: '2018-11-14T08:17:03'
System info: host: 'DESKTOP-533NIJM', ip: '192.168.178.30', os.name: 'Windows 10', os.arch: 'amd64', os.version: '10.0', java.version: '12.0.2'
Driver info: driver.version: unknown
	at com.cursoselenium.library.actions.SeleniumActions.fillInput(SeleniumActions.java:202)
	at com.cursoselenium.Pages.SignUpPage.introduceYear(SignUpPage.java:39)
	at Test1.test1(Test1.java:29)

