<?xml version="1.0" encoding="UTF-8" ?>
<testsuite tests="1" failures="1" name="Test1" time="0.394" errors="0" skipped="0">
  <properties>
[...]
</properties>
  <testcase classname="Test1" name="test1" time="0.394">
    <failure message="expected [Tours de votación_] but found [Tours de votación]" type="java.lang.AssertionError">java.lang.AssertionError: expected [Tours de votación_] but found [Tours de votación]
	at org.testng.Assert.fail(Assert.java:97)
	at org.testng.Assert.assertEqualsImpl(Assert.java:136)
	at org.testng.Assert.assertEquals(Assert.java:118)
	at org.testng.Assert.assertEquals(Assert.java:575)
	at org.testng.Assert.assertEquals(Assert.java:585)
	at com.cursoselenium.library.checks.HardAssertTest.elementIsDisplayedAndTextEquals(HardAssertTest.java:54)
	at com.cursoselenium.Pages.VoteToursPage.confirmIdentity(VoteToursPage.java:23)
	at com.cursoselenium.Pages.VoteToursPage.&lt;init&gt;(VoteToursPage.java:18)
	at Test1.test1(Test1.java:24)
</failure>
    <system-out>Configuring TestNG with: org.apache.maven.surefire.testng.conf.TestNG652Configurator@50675690
&amp;#27;[31;1m[ERROR 2020-06-12 12:19:34,953] - ASSERT: check VoteTours Page title. Expected: Tours de votación_ vs Actual: Tours de votación
&amp;#27;[31;1m[ERROR 2020-06-12 12:19:34,955] - com.cursoselenium.library.checks.AssertTest.stackTrace(AssertTest.java:18)
&amp;#27;[31;1m[ERROR 2020-06-12 12:19:34,956] - com.cursoselenium.library.checks.AssertTest.setStackTraceForLogger(AssertTest.java:22)
&amp;#27;[31;1m[ERROR 2020-06-12 12:19:34,956] - com.cursoselenium.library.checks.AssertTest.elementIsDisplayedAndTextEqualsAssertTest(AssertTest.java:55)
&amp;#27;[31;1m[ERROR 2020-06-12 12:19:34,957] - com.cursoselenium.library.checks.HardAssertTest.elementIsDisplayedAndTextEquals(HardAssertTest.java:53)
&amp;#27;[31;1m[ERROR 2020-06-12 12:19:34,958] - com.cursoselenium.Pages.VoteToursPage.confirmIdentity(VoteToursPage.java:23)

</system-out>
    <system-err>log4j:ERROR Could not find value for key log4j.appender.file
log4j:ERROR Could not instantiate appender named &quot;file&quot;.
1591957164705	mozrunner::runner	INFO	Running command: &quot;C:\\Program Files\\Mozilla Firefox\\firefox.exe&quot; &quot;-marionette&quot; &quot;-foreground&quot; &quot;-no-remote&quot; &quot;-profile&quot; &quot;C:\\Users\\pablo\\AppData\\Local\\Temp\\rust_mozprofileYNh8oN&quot;
JavaScript error: resource://gre/modules/XULStore.jsm, line 66: Error: Can&apos;t find profile directory.
1591957169914	Marionette	INFO	Listening on port 55760
1591957170338	Marionette	WARN	TLS certificate errors will be ignored for this session
jun. 12, 2020 12:19:30 P. M. org.openqa.selenium.remote.ProtocolHandshake createSession
INFO: Detected dialect: W3C
JavaScript error: resource://gre/modules/URIFixup.jsm, line 203: NS_ERROR_FAILURE: Should pass a non-null uri
</system-err>
  </testcase>
</testsuite>