<?xml version="1.0" encoding="UTF-8"?>
<testng-results ignored="0" total="1" passed="1" failed="0" skipped="0">
  <reporter-output>
  </reporter-output>
  <suite started-at="2020-05-31T19:19:17 CEST" name="Test1" finished-at="2020-05-31T19:19:29 CEST" duration-ms="11677">
    <groups>
    </groups>
    <test started-at="2020-05-31T19:19:17 CEST" name="Command line test" finished-at="2020-05-31T19:19:29 CEST" duration-ms="11677">
      <class name="Test1">
        <test-method is-config="true" signature="setUp()[pri:0, instance:Test1@3891771e]" started-at="2020-05-31T19:19:17 CEST" name="setUp" finished-at="2020-05-31T19:19:25 CEST" duration-ms="7750" status="PASS">
          <reporter-output>
          </reporter-output>
        </test-method> <!-- setUp -->
        <test-method signature="test1()[pri:0, instance:Test1@3891771e]" started-at="2020-05-31T19:19:25 CEST" name="test1" finished-at="2020-05-31T19:19:29 CEST" duration-ms="3878" status="PASS">
          <reporter-output>
          </reporter-output>
        </test-method> <!-- test1 -->
        <test-method is-config="true" signature="tearDown()[pri:0, instance:Test1@3891771e]" started-at="2020-05-31T19:19:29 CEST" name="tearDown" finished-at="2020-05-31T19:19:29 CEST" duration-ms="3" status="PASS">
          <reporter-output>
          </reporter-output>
        </test-method> <!-- tearDown -->
      </class> <!-- Test1 -->
    </test> <!-- Command line test -->
  </suite> <!-- Test1 -->
</testng-results>
