<?xml version="1.0" encoding="UTF-8" ?>
<testsuite tests="1" failures="1" name="Test1" time="20.937" errors="0" skipped="0">
  <properties>
[...]
</properties>
  <testcase classname="Test1" name="test1" time="20.937">
    <failure message="
For documentation on this error, please visit: https://www.seleniumhq.org/exceptions/no_such_element.html
Build info: version: &apos;3.141.59&apos;, revision: &apos;e82be7d358&apos;, time: &apos;2018-11-14T08:17:03&apos;
System info: host: &apos;DESKTOP-533NIJM&apos;, ip: &apos;192.168.178.30&apos;, os.name: &apos;Windows 10&apos;, os.arch: &apos;amd64&apos;, os.version: &apos;10.0&apos;, java.version: &apos;12.0.2&apos;
Driver info: driver.version: unknown" type="org.openqa.selenium.NoSuchElementException">org.openqa.selenium.NoSuchElementException: 
For documentation on this error, please visit: https://www.seleniumhq.org/exceptions/no_such_element.html
Build info: version: &apos;3.141.59&apos;, revision: &apos;e82be7d358&apos;, time: &apos;2018-11-14T08:17:03&apos;
System info: host: &apos;DESKTOP-533NIJM&apos;, ip: &apos;192.168.178.30&apos;, os.name: &apos;Windows 10&apos;, os.arch: &apos;amd64&apos;, os.version: &apos;10.0&apos;, java.version: &apos;12.0.2&apos;
Driver info: driver.version: unknown
	at com.cursoselenium.library.actions.SeleniumActions.fillInput(SeleniumActions.java:202)
	at com.cursoselenium.Pages.SignUpPage.introduceYear(SignUpPage.java:39)
	at Test1.test1(Test1.java:29)
</failure>
    <system-out>Configuring TestNG with: org.apache.maven.surefire.testng.conf.TestNG652Configurator@50675690
[INFO  2020-06-05 16:42:44,780] - navigate to Log In Page
[INFO  2020-06-05 16:42:44,952] - introduce email: Selenium
[INFO  2020-06-05 16:42:45,035] - introduce password: pass
[INFO  2020-06-05 16:42:46,692] - navigate to Sign Up Page
[INFO  2020-06-05 16:42:47,222] - introduce name: Pablo
&amp;#27;[31;1m[ERROR 2020-06-05 16:43:03,845] - com.cursoselenium.library.actions.SeleniumActions.stackTrace(SeleniumActions.java:24)
&amp;#27;[31;1m[ERROR 2020-06-05 16:43:03,845] - com.cursoselenium.library.actions.SeleniumActions.setStackTraceForLogger(SeleniumActions.java:28)
&amp;#27;[31;1m[ERROR 2020-06-05 16:43:03,846] - com.cursoselenium.library.actions.SeleniumActions.fillInput(SeleniumActions.java:200)
&amp;#27;[31;1m[ERROR 2020-06-05 16:43:03,846] - com.cursoselenium.Pages.SignUpPage.introduceYear(SignUpPage.java:39)
&amp;#27;[31;1m[ERROR 2020-06-05 16:43:03,846] - Test1.test1(Test1.java:29)

&amp;#27;[31;1m[ERROR 2020-06-05 16:43:03,847] - introduce year: 2020. -&gt; org.openqa.selenium.TimeoutException: Expected condition failed: waiting for presence of element located by: By.name: year_ (tried for 12 second(s) with 500 milliseconds interval)
</system-out>
    <system-err>log4j:ERROR Could not find value for key log4j.appender.file
log4j:ERROR Could not instantiate appender named &quot;file&quot;.
1591368151361	mozrunner::runner	INFO	Running command: &quot;C:\\Program Files\\Mozilla Firefox\\firefox.exe&quot; &quot;-marionette&quot; &quot;-foreground&quot; &quot;-no-remote&quot; &quot;-profile&quot; &quot;C:\\Users\\pablo\\AppData\\Local\\Temp\\rust_mozprofilecTMbQz&quot;
1591368152173	addons.webextension.doh-rollout@mozilla.org	WARN	Loading extension &apos;doh-rollout@mozilla.org&apos;: Reading manifest: Invalid extension permission: networkStatus
1591368153050	addons.webextension.screenshots@mozilla.org	WARN	Loading extension &apos;screenshots@mozilla.org&apos;: Reading manifest: Invalid extension permission: mozillaAddons
1591368153050	addons.webextension.screenshots@mozilla.org	WARN	Loading extension &apos;screenshots@mozilla.org&apos;: Reading manifest: Invalid extension permission: telemetry
1591368153051	addons.webextension.screenshots@mozilla.org	WARN	Loading extension &apos;screenshots@mozilla.org&apos;: Reading manifest: Invalid extension permission: resource://pdf.js/
1591368153051	addons.webextension.screenshots@mozilla.org	WARN	Loading extension &apos;screenshots@mozilla.org&apos;: Reading manifest: Invalid extension permission: about:reader*
JavaScript error: resource://gre/modules/XULStore.jsm, line 66: Error: Can&apos;t find profile directory.
1591368157895	Marionette	INFO	Listening on port 62770
1591368158442	Marionette	WARN	TLS certificate errors will be ignored for this session
jun. 05, 2020 4:42:38 P. M. org.openqa.selenium.remote.ProtocolHandshake createSession
INFO: Detected dialect: W3C
</system-err>
  </testcase>
</testsuite>